<?xml version="1.0" encoding="UTF-8"?>
<!-- Generated by org.testng.reporters.JUnitReportReporter -->
<testsuite hostname="LAPTOP-T8FKKRQ2" failures="0" tests="1" name="testCases.TC002_LoginTest" time="1.192" errors="0" timestamp="2024-08-12T21:15:06 IST" skipped="0">
  <testcase classname="testCases.TC002_LoginTest" name="loginTest" time="1.192"/>
</testsuite> <!-- testCases.TC002_LoginTest -->
