<?xml version="1.0" encoding="UTF-8"?>
<!-- Generated by org.testng.reporters.JUnitReportReporter -->
<testsuite hostname="LAPTOP-T8FKKRQ2" failures="0" tests="1" name="testCases.TC001_AccountRegistration" time="3.011" errors="0" timestamp="2024-08-10T22:02:16 IST" skipped="0">
  <testcase classname="testCases.TC001_AccountRegistration" name="verify_Account_Registration" time="3.011"/>
</testsuite> <!-- testCases.TC001_AccountRegistration -->
